# JRE version: Java(TM) SE Runtime Environment (8.0_201-b09) (build 1.8.0_201-b09)
# Java VM: Java HotSpot(TM) 64-Bit Server VM (25.201-b09 mixed mode windows-amd64 compressed oops)
Heap:
 PSYoungGen      total 154624K, used 100722K [0x00000000f5580000, 0x00000000ffe80000, 0x0000000100000000)
  eden space 140288K, 61% used [0x00000000f5580000,0x00000000fa9deca8,0x00000000fde80000)
  from space 14336K, 99% used [0x00000000fee00000,0x00000000ffbfdda8,0x00000000ffc00000)
  to   space 15872K, 68% used [0x00000000fde80000,0x00000000fe92ada8,0x00000000fee00000)
 ParOldGen       total 175104K, used 18986K [0x00000000e0000000, 0x00000000eab00000, 0x00000000f5580000)
  object space 175104K, 10% used [0x00000000e0000000,0x00000000e128a968,0x00000000eab00000)
 Metaspace       used 57721K, capacity 59150K, committed 59160K, reserved 1099776K
  class space    used 7977K, capacity 8361K, committed 8368K, reserved 1048576K
GC Heap History (10 events):
Event: 9.302 GC heap after
Heap after GC invocations=6 (full 1):
 PSYoungGen      total 76288K, used 8842K [0x00000000f5580000, 0x00000000fd080000, 0x0000000100000000)
  eden space 65536K, 0% used [0x00000000f5580000,0x00000000f5580000,0x00000000f9580000)
  from space 10752K, 82% used [0x00000000f9580000,0x00000000f9e22b08,0x00000000fa000000)
  to   space 12288K, 0% used [0x00000000fc480000,0x00000000fc480000,0x00000000fd080000)
 ParOldGen       total 175104K, used 10851K [0x00000000e0000000, 0x00000000eab00000, 0x00000000f5580000)
  object space 175104K, 6% used [0x00000000e0000000,0x00000000e0a98e68,0x00000000eab00000)
 Metaspace       used 31378K, capacity 31822K, committed 32048K, reserved 1077248K
  class space    used 4414K, capacity 4558K, committed 4656K, reserved 1048576K
}
Event: 11.947 GC heap before
{Heap before GC invocations=7 (full 1):
 PSYoungGen      total 76288K, used 64552K [0x00000000f5580000, 0x00000000fd080000, 0x0000000100000000)
  eden space 65536K, 85% used [0x00000000f5580000,0x00000000f8be77e8,0x00000000f9580000)
  from space 10752K, 82% used [0x00000000f9580000,0x00000000f9e22b08,0x00000000fa000000)
  to   space 12288K, 0% used [0x00000000fc480000,0x00000000fc480000,0x00000000fd080000)
 ParOldGen       total 175104K, used 10851K [0x00000000e0000000, 0x00000000eab00000, 0x00000000f5580000)
  object space 175104K, 6% used [0x00000000e0000000,0x00000000e0a98e68,0x00000000eab00000)
 Metaspace       used 34485K, capacity 35224K, committed 35496K, reserved 1079296K
  class space    used 4821K, capacity 5035K, committed 5040K, reserved 1048576K
Event: 11.957 GC heap after
Heap after GC invocations=7 (full 1):
 PSYoungGen      total 111616K, used 10682K [0x00000000f5580000, 0x00000000fd000000, 0x0000000100000000)
  eden space 99840K, 0% used [0x00000000f5580000,0x00000000f5580000,0x00000000fb700000)
  from space 11776K, 90% used [0x00000000fc480000,0x00000000fceeea90,0x00000000fd000000)
  to   space 12800K, 0% used [0x00000000fb700000,0x00000000fb700000,0x00000000fc380000)
 ParOldGen       total 175104K, used 10859K [0x00000000e0000000, 0x00000000eab00000, 0x00000000f5580000)
  object space 175104K, 6% used [0x00000000e0000000,0x00000000e0a9ae68,0x00000000eab00000)
 Metaspace       used 34485K, capacity 35224K, committed 35496K, reserved 1079296K
  class space    used 4821K, capacity 5035K, committed 5040K, reserved 1048576K
}
Event: 11.957 GC heap before
{Heap before GC invocations=8 (full 2):
 PSYoungGen      total 111616K, used 10682K [0x00000000f5580000, 0x00000000fd000000, 0x0000000100000000)
  eden space 99840K, 0% used [0x00000000f5580000,0x00000000f5580000,0x00000000fb700000)
  from space 11776K, 90% used [0x00000000fc480000,0x00000000fceeea90,0x00000000fd000000)
  to   space 12800K, 0% used [0x00000000fb700000,0x00000000fb700000,0x00000000fc380000)
 ParOldGen       total 175104K, used 10859K [0x00000000e0000000, 0x00000000eab00000, 0x00000000f5580000)
  object space 175104K, 6% used [0x00000000e0000000,0x00000000e0a9ae68,0x00000000eab00000)
 Metaspace       used 34485K, capacity 35224K, committed 35496K, reserved 1079296K
  class space    used 4821K, capacity 5035K, committed 5040K, reserved 1048576K
Event: 12.005 GC heap after
Heap after GC invocations=8 (full 2):
 PSYoungGen      total 111616K, used 0K [0x00000000f5580000, 0x00000000fd000000, 0x0000000100000000)
  eden space 99840K, 0% used [0x00000000f5580000,0x00000000f5580000,0x00000000fb700000)
  from space 11776K, 0% used [0x00000000fc480000,0x00000000fc480000,0x00000000fd000000)
  to   space 12800K, 0% used [0x00000000fb700000,0x00000000fb700000,0x00000000fc380000)
 ParOldGen       total 175104K, used 17725K [0x00000000e0000000, 0x00000000eab00000, 0x00000000f5580000)
  object space 175104K, 10% used [0x00000000e0000000,0x00000000e114f440,0x00000000eab00000)
 Metaspace       used 34474K, capacity 35188K, committed 35496K, reserved 1079296K
  class space    used 4818K, capacity 5029K, committed 5040K, reserved 1048576K
}
Event: 14.753 GC heap before
{Heap before GC invocations=9 (full 2):
 PSYoungGen      total 111616K, used 99840K [0x00000000f5580000, 0x00000000fd000000, 0x0000000100000000)
  eden space 99840K, 100% used [0x00000000f5580000,0x00000000fb700000,0x00000000fb700000)
  from space 11776K, 0% used [0x00000000fc480000,0x00000000fc480000,0x00000000fd000000)
  to   space 12800K, 0% used [0x00000000fb700000,0x00000000fb700000,0x00000000fc380000)
 ParOldGen       total 175104K, used 17725K [0x00000000e0000000, 0x00000000eab00000, 0x00000000f5580000)
  object space 175104K, 10% used [0x00000000e0000000,0x00000000e114f440,0x00000000eab00000)
 Metaspace       used 44462K, capacity 45316K, committed 45608K, reserved 1089536K
  class space    used 6101K, capacity 6333K, committed 6448K, reserved 1048576K
Event: 14.765 GC heap after
Heap after GC invocations=9 (full 2):
 PSYoungGen      total 112640K, used 12769K [0x00000000f5580000, 0x00000000ffc00000, 0x0000000100000000)
  eden space 99840K, 0% used [0x00000000f5580000,0x00000000f5580000,0x00000000fb700000)
  from space 12800K, 99% used [0x00000000fb700000,0x00000000fc378600,0x00000000fc380000)
  to   space 14336K, 0% used [0x00000000fee00000,0x00000000fee00000,0x00000000ffc00000)
 ParOldGen       total 175104K, used 18448K [0x00000000e0000000, 0x00000000eab00000, 0x00000000f5580000)
  object space 175104K, 10% used [0x00000000e0000000,0x00000000e12043e8,0x00000000eab00000)
 Metaspace       used 44462K, capacity 45316K, committed 45608K, reserved 1089536K
  class space    used 6101K, capacity 6333K, committed 6448K, reserved 1048576K
}
Event: 17.035 GC heap before
{Heap before GC invocations=10 (full 2):
 PSYoungGen      total 112640K, used 112609K [0x00000000f5580000, 0x00000000ffc00000, 0x0000000100000000)
  eden space 99840K, 100% used [0x00000000f5580000,0x00000000fb700000,0x00000000fb700000)
  from space 12800K, 99% used [0x00000000fb700000,0x00000000fc378600,0x00000000fc380000)
  to   space 14336K, 0% used [0x00000000fee00000,0x00000000fee00000,0x00000000ffc00000)
 ParOldGen       total 175104K, used 18448K [0x00000000e0000000, 0x00000000eab00000, 0x00000000f5580000)
  object space 175104K, 10% used [0x00000000e0000000,0x00000000e12043e8,0x00000000eab00000)
 Metaspace       used 51699K, capacity 52784K, committed 53032K, reserved 1095680K
  class space    used 7077K, capacity 7380K, committed 7472K, reserved 1048576K
Event: 17.046 GC heap after
Heap after GC invocations=10 (full 2):
 PSYoungGen      total 154624K, used 14327K [0x00000000f5580000, 0x00000000ffe80000, 0x0000000100000000)
  eden space 140288K, 0% used [0x00000000f5580000,0x00000000f5580000,0x00000000fde80000)
  from space 14336K, 99% used [0x00000000fee00000,0x00000000ffbfdda8,0x00000000ffc00000)
  to   space 15872K, 0% used [0x00000000fde80000,0x00000000fde80000,0x00000000fee00000)
 ParOldGen       total 175104K, used 18978K [0x00000000e0000000, 0x00000000eab00000, 0x00000000f5580000)
  object space 175104K, 10% used [0x00000000e0000000,0x00000000e1288968,0x00000000eab00000)
 Metaspace       used 51699K, capacity 52784K, committed 53032K, reserved 1095680K
  class space    used 7077K, capacity 7380K, committed 7472K, reserved 1048576K
}
Event: 18.971 GC heap before
{Heap before GC invocations=11 (full 2):
 PSYoungGen      total 154624K, used 100722K [0x00000000f5580000, 0x00000000ffe80000, 0x0000000100000000)
  eden space 140288K, 61% used [0x00000000f5580000,0x00000000fa9deca8,0x00000000fde80000)
  from space 14336K, 99% used [0x00000000fee00000,0x00000000ffbfdda8,0x00000000ffc00000)
  to   space 15872K, 0% used [0x00000000fde80000,0x00000000fde80000,0x00000000fee00000)
 ParOldGen       total 175104K, used 18978K [0x00000000e0000000, 0x00000000eab00000, 0x00000000f5580000)
  object space 175104K, 10% used [0x00000000e0000000,0x00000000e1288968,0x00000000eab00000)
 Metaspace       used 57721K, capacity 59150K, committed 59160K, reserved 1099776K
  class space    used 7977K, capacity 8361K, committed 8368K, reserved 1048576K

